Arguments: 
  /Users/mindy/.nvm/versions/node/v12.16.0/bin/node /usr/local/Cellar/yarn/1.22.0/libexec/bin/yarn.js add --dev @types/fs

PATH: 
  /usr/local/opt/qt5/bin:/usr/local/opt/qt/bin:/usr/local/Cellar/ruby/2.4.1_1/bin:/Users/mindy/google-cloud-sdk/bin:/Users/mindy/.nvm/versions/node/v12.16.0/bin:/Users/mindy/bin11:/Users/mindy/protoc-3.4.0-osx-x86_64/bin:/Users/mindy/.nvm/versions/node/v12.16.0/bin:/Library/Frameworks/Python.framework/Versions/3.7/bin:/Users/mindy/.cargo/bin:/usr/local/bin:/usr/bin:/bin:/usr/sbin:/sbin:/Library/TeX/texbin:/usr/local/go/bin:/opt/X11/bin:/Library/Apple/usr/bin:/usr/local/opt/qt5/bin:/usr/local/opt/qt/bin:/usr/local/Cellar/ruby/2.4.1_1/bin:/Users/mindy/google-cloud-sdk/bin:/Users/mindy/bin11:/Users/mindy/protoc-3.4.0-osx-x86_64/bin:/Users/mindy/.nvm/versions/node/v12.16.0/bin:/Library/Frameworks/Python.framework/Versions/3.7/bin:/Users/mindy/.cargo/bin:/usr/local/gradle/gradle-3.5-rc-2/bin:/Users/mindy/go/bin:/Users/mindy/.npm-global/bin%:/Users/mindy/bin:/Users/mindy/.pub-cache/bin:/usr/local/gradle/gradle-3.5-rc-2/bin:/Users/mindy/go/bin:/Users/mindy/.npm-global/bin%:/Users/mindy/bin:/Users/mindy/.pub-cache/bin

Yarn version: 
  1.22.0

Node version: 
  12.16.0

Platform: 
  darwin x64

Trace: 
  Error: https://registry.yarnpkg.com/@types%2ffs: Not found
      at Request.params.callback [as _callback] (/usr/local/Cellar/yarn/1.22.0/libexec/lib/cli.js:66975:18)
      at Request.self.callback (/usr/local/Cellar/yarn/1.22.0/libexec/lib/cli.js:140727:22)
      at Request.emit (events.js:321:20)
      at Request.<anonymous> (/usr/local/Cellar/yarn/1.22.0/libexec/lib/cli.js:141699:10)
      at Request.emit (events.js:321:20)
      at IncomingMessage.<anonymous> (/usr/local/Cellar/yarn/1.22.0/libexec/lib/cli.js:141621:12)
      at Object.onceWrapper (events.js:427:28)
      at IncomingMessage.emit (events.js:333:22)
      at endReadableNT (_stream_readable.js:1204:12)
      at processTicksAndRejections (internal/process/task_queues.js:84:21)

npm manifest: 
  {
    "name": "csv-loader",
    "version": "1.0.0",
    "main": "index.js",
    "license": "MIT",
    "description": "Manage csv file for machine learning purposes",
    "scripts": {
      "test": "echo \"Error: no test specified\" && exit 1"
    },
    "keywords": [
      "machine",
      "learning",
      "csv",
      "load",
      "read"
    ],
    "author": "Enrico Zanardo",
    "devDependencies": {
      "@types/lodash": "^4.14.151",
      "@types/node": "^14.0.1",
      "typescript": "^3.9.2"
    }
  }

yarn manifest: 
  No manifest

Lockfile: 
  # THIS IS AN AUTOGENERATED FILE. DO NOT EDIT THIS FILE DIRECTLY.
  # yarn lockfile v1
  
  
  "@types/lodash@^4.14.151":
    version "4.14.151"
    resolved "https://registry.yarnpkg.com/@types/lodash/-/lodash-4.14.151.tgz#7d58cac32bedb0ec37cb7f99094a167d6176c9d5"
    integrity sha512-Zst90IcBX5wnwSu7CAS0vvJkTjTELY4ssKbHiTnGcJgi170uiS8yQDdc3v6S77bRqYQIN1App5a1Pc2lceE5/g==
  
  "@types/node@^14.0.1":
    version "14.0.1"
    resolved "https://registry.yarnpkg.com/@types/node/-/node-14.0.1.tgz#5d93e0a099cd0acd5ef3d5bde3c086e1f49ff68c"
    integrity sha512-FAYBGwC+W6F9+huFIDtn43cpy7+SzG+atzRiTfdp3inUKL2hXnd4rG8hylJLIh4+hqrQy1P17kvJByE/z825hA==
  
  typescript@^3.9.2:
    version "3.9.2"
    resolved "https://registry.yarnpkg.com/typescript/-/typescript-3.9.2.tgz#64e9c8e9be6ea583c54607677dd4680a1cf35db9"
    integrity sha512-q2ktq4n/uLuNNShyayit+DTobV2ApPEo/6so68JaD5ojvc/6GClBipedB9zNWYxRSAlZXAe405Rlijzl6qDiSw==
